<?xml version="1.0" encoding="UTF-8"?>
<testng-results ignored="0" total="0" passed="0" failed="0" skipped="0">
  <reporter-output>
  </reporter-output>
  <suite started-at="2022-07-22T14:58:32 EDT" name="NumpySuite" finished-at="2022-07-22T14:58:32 EDT" duration-ms="29">
    <groups>
    </groups>
    <test started-at="2022-07-22T14:58:32 EDT" name="NumpyTest" finished-at="2022-07-22T14:58:32 EDT" duration-ms="29">
    </test> <!-- NumpyTest -->
  </suite> <!-- NumpySuite -->
</testng-results>
